# JRE version: Java(TM) SE Runtime Environment (9.0+11) (build 9.0.1+11)
# Java VM: Java HotSpot(TM) 64-Bit Server VM (9.0.1+11, mixed mode, tiered, compressed oops, g1 gc, windows-amd64)
Heap:
 garbage-first heap   total 609280K, used 204487K [0x00000000d2200000, 0x00000000d2301298, 0x0000000100000000)
  region size 1024K, 0 young (0K), 0 survivors (0K)
 Metaspace       used 3600K, capacity 4486K, committed 4864K, reserved 1056768K
  class space    used 366K, capacity 386K, committed 512K, reserved 1048576K
GC Heap History (10 events):
Event: 2.591 GC heap before
{Heap before GC invocations=6 (full 0):
 garbage-first heap   total 63488K, used 28359K [0x00000000d2200000, 0x00000000d23001f0, 0x0000000100000000)
  region size 1024K, 0 young (0K), 0 survivors (0K)
 Metaspace       used 3600K, capacity 4486K, committed 4864K, reserved 1056768K
  class space    used 366K, capacity 386K, committed 512K, reserved 1048576K
}
Event: 2.606 GC heap after
{Heap after GC invocations=7 (full 0):
 garbage-first heap   total 63488K, used 28359K [0x00000000d2200000, 0x00000000d23001f0, 0x0000000100000000)
  region size 1024K, 0 young (0K), 0 survivors (0K)
 Metaspace       used 3600K, capacity 4486K, committed 4864K, reserved 1056768K
  class space    used 366K, capacity 386K, committed 512K, reserved 1048576K
}
Event: 2.923 GC heap before
{Heap before GC invocations=8 (full 0):
 garbage-first heap   total 88064K, used 41671K [0x00000000d2200000, 0x00000000d23002b0, 0x0000000100000000)
  region size 1024K, 0 young (0K), 0 survivors (0K)
 Metaspace       used 3600K, capacity 4486K, committed 4864K, reserved 1056768K
  class space    used 366K, capacity 386K, committed 512K, reserved 1048576K
}
Event: 2.968 GC heap after
{Heap after GC invocations=9 (full 0):
 garbage-first heap   total 88064K, used 41671K [0x00000000d2200000, 0x00000000d23002b0, 0x0000000100000000)
  region size 1024K, 0 young (0K), 0 survivors (0K)
 Metaspace       used 3600K, capacity 4486K, committed 4864K, reserved 1056768K
  class space    used 366K, capacity 386K, committed 512K, reserved 1048576K
}
Event: 3.778 GC heap before
{Heap before GC invocations=10 (full 0):
 garbage-first heap   total 179200K, used 116423K [0x00000000d2200000, 0x00000000d2300578, 0x0000000100000000)
  region size 1024K, 0 young (0K), 0 survivors (0K)
 Metaspace       used 3600K, capacity 4486K, committed 4864K, reserved 1056768K
  class space    used 366K, capacity 386K, committed 512K, reserved 1048576K
}
Event: 3.826 GC heap after
{Heap after GC invocations=11 (full 0):
 garbage-first heap   total 304128K, used 116423K [0x00000000d2200000, 0x00000000d2300948, 0x0000000100000000)
  region size 1024K, 0 young (0K), 0 survivors (0K)
 Metaspace       used 3600K, capacity 4486K, committed 4864K, reserved 1056768K
  class space    used 366K, capacity 386K, committed 512K, reserved 1048576K
}
Event: 5.356 GC heap before
{Heap before GC invocations=12 (full 0):
 garbage-first heap   total 304128K, used 136903K [0x00000000d2200000, 0x00000000d2300948, 0x0000000100000000)
  region size 1024K, 0 young (0K), 0 survivors (0K)
 Metaspace       used 3600K, capacity 4486K, committed 4864K, reserved 1056768K
  class space    used 366K, capacity 386K, committed 512K, reserved 1048576K
}
Event: 5.368 GC heap after
{Heap after GC invocations=13 (full 0):
 garbage-first heap   total 304128K, used 136903K [0x00000000d2200000, 0x00000000d2300948, 0x0000000100000000)
  region size 1024K, 0 young (0K), 0 survivors (0K)
 Metaspace       used 3600K, capacity 4486K, committed 4864K, reserved 1056768K
  class space    used 366K, capacity 386K, committed 512K, reserved 1048576K
}
Event: 13.135 GC heap before
{Heap before GC invocations=14 (full 0):
 garbage-first heap   total 425984K, used 204487K [0x00000000d2200000, 0x00000000d2300d00, 0x0000000100000000)
  region size 1024K, 0 young (0K), 0 survivors (0K)
 Metaspace       used 3600K, capacity 4486K, committed 4864K, reserved 1056768K
  class space    used 366K, capacity 386K, committed 512K, reserved 1048576K
}
Event: 13.142 GC heap after
{Heap after GC invocations=15 (full 0):
 garbage-first heap   total 425984K, used 204487K [0x00000000d2200000, 0x00000000d2300d00, 0x0000000100000000)
  region size 1024K, 0 young (0K), 0 survivors (0K)
 Metaspace       used 3600K, capacity 4486K, committed 4864K, reserved 1056768K
  class space    used 366K, capacity 386K, committed 512K, reserved 1048576K
}

